<?xml version="1.0" encoding="UTF-8" ?>
<testsuite failures="0" time="0.032" errors="0" skipped="0" tests="1" name="sample.AppTest">
  <properties>
    <property name="java.runtime.name" value="Java(TM) SE Runtime Environment"/>
    <property name="sun.boot.library.path" value="C:\Program Files\Java\jdk1.7.0\jre\bin"/>
    <property name="java.vm.version" value="21.0-b17"/>
    <property name="java.vm.vendor" value="Oracle Corporation"/>
    <property name="java.vendor.url" value="http://java.oracle.com/"/>
    <property name="path.separator" value=";"/>
    <property name="java.vm.name" value="Java HotSpot(TM) Client VM"/>
    <property name="file.encoding.pkg" value="sun.io"/>
    <property name="user.script" value=""/>
    <property name="user.country" value="JP"/>
    <property name="sun.java.launcher" value="SUN_STANDARD"/>
    <property name="sun.os.patch.level" value="Service Pack 3"/>
    <property name="java.vm.specification.name" value="Java Virtual Machine Specification"/>
    <property name="user.dir" value="D:\mail\proj\github\sample\myproject-sub1"/>
    <property name="java.runtime.version" value="1.7.0-b147"/>
    <property name="java.awt.graphicsenv" value="sun.awt.Win32GraphicsEnvironment"/>
    <property name="basedir" value="D:\mail\proj\github\sample\myproject-sub1"/>
    <property name="java.endorsed.dirs" value="C:\Program Files\Java\jdk1.7.0\jre\lib\endorsed"/>
    <property name="os.arch" value="x86"/>
    <property name="surefire.real.class.path" value="C:\DOCUME~1\000001~1\LOCALS~1\Temp\surefirebooter879277234953868305.jar"/>
    <property name="java.io.tmpdir" value="C:\DOCUME~1\000001~1\LOCALS~1\Temp\"/>
    <property name="line.separator" value="
"/>
    <property name="java.vm.specification.vendor" value="Oracle Corporation"/>
    <property name="user.variant" value=""/>
    <property name="os.name" value="Windows XP"/>
    <property name="sun.jnu.encoding" value="MS932"/>
    <property name="java.library.path" value="C:\Program Files\Java\jdk1.7.0\jre\bin;C:\WINDOWS\Sun\Java\bin;C:\WINDOWS\system32;C:\WINDOWS;C:\Program Files\Java\jdk1.7.0\bin;D:\oracle\app\oracle\product\11.2.0\server\bin;d:\mail\Perl\site\bin;d:\mail\Perl\bin;c:\Program Files\NVIDIA Corporation\PhysX\Common;C:\WINDOWS\system32;C:\WINDOWS;C:\WINDOWS\System32\Wbem;C:\Program Files\TortoiseSVN\bin;D:\mail\lib\apache-ant-1.7.1\bin;D:\Program Files\xyzzy;D:\Program Files\PostgreSQL\8.4\bin;c:\Program Files\Microsoft SQL Server\100\Tools\Binn\;c:\Program Files\Microsoft SQL Server\100\DTS\Binn\;D:\mail\apache-maven-2.2.1\bin;C:\WINDOWS\system32\WindowsPowerShell\v1.0;c:\Program Files\Microsoft SQL Server\100\Tools\Binn\VSShell\Common7\IDE\;D:\mail\lib\sablecc-3.2\bin;D:\mail\lib\javacc-5.0\bin;D:\mail\TracLight\python;D:\mail\TracLight\python\Scripts;D:\mail\TracLight\CollabNetSVN;D:\mail\TracLight\CollabNetSVN\httpd\bin;D:\mail\TracLight\Graphviz\bin;D:\mail\TracLight\maven\bin;D:\mail\TracLight\bin;D:\mail\lib\apache-maven-2.2.1\bin;C:\Program Files\nodejs\;D:\Program Files\Git\cmd;D:\Program Files\Git\bin;D:\Program Files\Haskell Platform\2012.4.0.0\mingw\bin;D:\Program Files\Haskell Platform\2012.4.0.0\lib\extralibs\bin;D:\mail\ShellFolder\Application Data\cabal\bin;D:\mail\sbt;C:\Program Files\scala\\bin;C:\Program Files\sbt;d:\Program Files\Graphviz2.30\bin;D:\Program Files\Ruby-2.0.0\bin;D:\Program Files\Git\libexec\git-core;D:\mail\lib\gradle-1.7\bin;C:\Program Files\TortoiseGit\bin;d:\mail\ShellFolder\Application Data\cabal\bin;d:\mail\ShellFolder\Application Data\npm\;."/>
    <property name="surefire.test.class.path" value="D:\mail\proj\github\sample\myproject-sub1\target\test-classes;D:\mail\proj\github\sample\myproject-sub1\target\classes;d:\mail\ShellFolder\.m2\repository\junit\junit\3.8.1\junit-3.8.1.jar;"/>
    <property name="java.specification.name" value="Java Platform API Specification"/>
    <property name="java.class.version" value="51.0"/>
    <property name="sun.management.compiler" value="HotSpot Client Compiler"/>
    <property name="os.version" value="5.1"/>
    <property name="user.home" value="d:\mail\ShellFolder"/>
    <property name="user.timezone" value=""/>
    <property name="java.awt.printerjob" value="sun.awt.windows.WPrinterJob"/>
    <property name="java.specification.version" value="1.7"/>
    <property name="file.encoding" value="MS932"/>
    <property name="user.name" value="0000011055878"/>
    <property name="java.class.path" value="D:\mail\proj\github\sample\myproject-sub1\target\test-classes;D:\mail\proj\github\sample\myproject-sub1\target\classes;d:\mail\ShellFolder\.m2\repository\junit\junit\3.8.1\junit-3.8.1.jar;"/>
    <property name="java.vm.specification.version" value="1.7"/>
    <property name="sun.arch.data.model" value="32"/>
    <property name="java.home" value="C:\Program Files\Java\jdk1.7.0\jre"/>
    <property name="sun.java.command" value="C:\DOCUME~1\000001~1\LOCALS~1\Temp\surefirebooter879277234953868305.jar C:\DOCUME~1\000001~1\LOCALS~1\Temp\surefire3058798009696248785tmp C:\DOCUME~1\000001~1\LOCALS~1\Temp\surefire3507468859313090838tmp"/>
    <property name="java.specification.vendor" value="Oracle Corporation"/>
    <property name="user.language" value="ja"/>
    <property name="awt.toolkit" value="sun.awt.windows.WToolkit"/>
    <property name="java.vm.info" value="mixed mode, sharing"/>
    <property name="java.version" value="1.7.0"/>
    <property name="java.ext.dirs" value="C:\Program Files\Java\jdk1.7.0\jre\lib\ext;C:\WINDOWS\Sun\Java\lib\ext"/>
    <property name="sun.boot.class.path" value="C:\Program Files\Java\jdk1.7.0\jre\lib\resources.jar;C:\Program Files\Java\jdk1.7.0\jre\lib\rt.jar;C:\Program Files\Java\jdk1.7.0\jre\lib\sunrsasign.jar;C:\Program Files\Java\jdk1.7.0\jre\lib\jsse.jar;C:\Program Files\Java\jdk1.7.0\jre\lib\jce.jar;C:\Program Files\Java\jdk1.7.0\jre\lib\charsets.jar;C:\Program Files\Java\jdk1.7.0\jre\classes"/>
    <property name="java.vendor" value="Oracle Corporation"/>
    <property name="localRepository" value="d:\mail\ShellFolder\.m2\repository"/>
    <property name="file.separator" value="\"/>
    <property name="java.vendor.url.bug" value="http://bugreport.sun.com/bugreport/"/>
    <property name="sun.cpu.endian" value="little"/>
    <property name="sun.io.unicode.encoding" value="UnicodeLittle"/>
    <property name="sun.desktop" value="windows"/>
    <property name="sun.cpu.isalist" value="pentium_pro+mmx pentium_pro pentium+mmx pentium i486 i386 i86"/>
  </properties>
  <testcase time="0" classname="sample.AppTest" name="testApp"/>
</testsuite>